-------------------------------------------------------------------------------
Test set: cucumberOptions.TestRunner
-------------------------------------------------------------------------------
Tests run: 1, Failures: 0, Errors: 1, Skipped: 0, Time elapsed: 0.001 s <<< FAILURE! - in cucumberOptions.TestRunner
initializationError(cucumberOptions.TestRunner)  Time elapsed: 0 s  <<< ERROR!
java.lang.TypeNotPresentException: Type cucumber.api.junit.Cucumber not present
Caused by: java.lang.ClassNotFoundException: cucumber.api.junit.Cucumber

